2011/12/28 10:01:39 [error] [exception.CException] exception 'CException' with message 'Property "MbMenu.theme" is not defined.' in C:\www\xampp\htdocs\yii\framework1.1.7\base\CComponent.php:173
Stack trace:
#0 C:\www\xampp\htdocs\yii\framework1.1.7\web\CWidgetFactory.php(162): CComponent->__set('theme', 'adobe')
#1 C:\www\xampp\htdocs\yii\framework1.1.7\web\CBaseController.php(139): CWidgetFactory->createWidget(Object(SiteController), 'ext.mbmenu.MbMe...', Array)
#2 C:\www\xampp\htdocs\yii\framework1.1.7\web\CBaseController.php(165): CBaseController->createWidget('ext.mbmenu.MbMe...', Array)
#3 C:\www\xampp\htdocs\yii_mena\protected\views\layouts\main.php(40): CBaseController->widget('ext.mbmenu.MbMe...', Array)
#4 C:\www\xampp\htdocs\yii\framework1.1.7\web\CBaseController.php(119): require('C:\www\xampp\ht...')
#5 C:\www\xampp\htdocs\yii\framework1.1.7\web\CBaseController.php(88): CBaseController->renderInternal('C:\www\xampp\ht...', Array, true)
#6 C:\www\xampp\htdocs\yii\framework1.1.7\web\widgets\CContentDecorator.php(78): CBaseController->renderFile('C:\www\xampp\ht...', Array, true)
#7 C:\www\xampp\htdocs\yii\framework1.1.7\web\widgets\CContentDecorator.php(56): CContentDecorator->decorate('<div class="con...')
#8 C:\www\xampp\htdocs\yii\framework1.1.7\web\widgets\COutputProcessor.php(45): CContentDecorator->processOutput('<div class="con...')
#9 C:\www\xampp\htdocs\yii\framework1.1.7\web\CBaseController.php(199): COutputProcessor->run()
#10 C:\www\xampp\htdocs\yii\framework1.1.7\web\CBaseController.php(294): CBaseController->endWidget('CContentDecorat...')
#11 C:\www\xampp\htdocs\yii_mena\protected\views\layouts\column1.php(7): CBaseController->endContent()
#12 C:\www\xampp\htdocs\yii\framework1.1.7\web\CBaseController.php(119): require('C:\www\xampp\ht...')
#13 C:\www\xampp\htdocs\yii\framework1.1.7\web\CBaseController.php(88): CBaseController->renderInternal('C:\www\xampp\ht...', Array, true)
#14 C:\www\xampp\htdocs\yii\framework1.1.7\web\CController.php(781): CBaseController->renderFile('C:\www\xampp\ht...', Array, true)
#15 C:\www\xampp\htdocs\yii_mena\protected\controllers\SiteController.php(32): CController->render('index')
#16 C:\www\xampp\htdocs\yii\framework1.1.7\web\actions\CInlineAction.php(50): SiteController->actionIndex()
#17 C:\www\xampp\htdocs\yii\framework1.1.7\web\CController.php(300): CInlineAction->runWithParams(Array)
#18 C:\www\xampp\htdocs\yii\framework1.1.7\web\CController.php(278): CController->runAction(Object(CInlineAction))
#19 C:\www\xampp\htdocs\yii\framework1.1.7\web\CController.php(257): CController->runActionWithFilters(Object(CInlineAction), Array)
#20 C:\www\xampp\htdocs\yii\framework1.1.7\web\CWebApplication.php(328): CController->run('')
#21 C:\www\xampp\htdocs\yii\framework1.1.7\web\CWebApplication.php(121): CWebApplication->runController('')
#22 C:\www\xampp\htdocs\yii\framework1.1.7\base\CApplication.php(155): CWebApplication->processRequest()
#23 C:\www\xampp\htdocs\yii_mena\index.php(13): CApplication->run()
#24 {main} REQUEST_URI=/yii_mena/
2011/12/29 23:06:43 [error] [exception.CHttpException.404] exception 'CHttpException' with message 'The system is unable to find the requested action "ajaxeim".' in C:\www\xampp\htdocs\yii\framework1.1.7\web\CController.php:477
Stack trace:
#0 C:\www\xampp\htdocs\yii\framework1.1.7\web\CController.php(262): CController->missingAction('ajaxeim')
#1 C:\www\xampp\htdocs\yii\framework1.1.7\web\CWebApplication.php(328): CController->run('ajaxeim')
#2 C:\www\xampp\htdocs\yii\framework1.1.7\web\CWebApplication.php(121): CWebApplication->runController('site/ajaxeim')
#3 C:\www\xampp\htdocs\yii\framework1.1.7\base\CApplication.php(155): CWebApplication->processRequest()
#4 C:\www\xampp\htdocs\yii_mena\index.php(13): CApplication->run()
#5 {main} REQUEST_URI=/yii_mena/index.php?r=site/ajaxeim
2012/02/25 16:28:04 [error] [exception.CException] exception 'CException' with message 'SiteController does not have a method named "ajaxLink".' in C:\www\xampp\htdocs\yii\framework1.1.7\base\CComponent.php:266
Stack trace:
#0 [internal function]: CComponent->__call('ajaxLink', Array)
#1 C:\www\xampp\htdocs\yii_mena\protected\views\site\ajaxlink.php(2): SiteController->ajaxLink('hey cze??!!', 'site/ajaxem')
#2 C:\www\xampp\htdocs\yii\framework1.1.7\web\CBaseController.php(119): require('C:\www\xampp\ht...')
#3 C:\www\xampp\htdocs\yii\framework1.1.7\web\CBaseController.php(88): CBaseController->renderInternal('C:\www\xampp\ht...', 'site/ajaxLink', true)
#4 C:\www\xampp\htdocs\yii\framework1.1.7\web\CController.php(866): CBaseController->renderFile('C:\www\xampp\ht...', 'site/ajaxLink', true)
#5 C:\www\xampp\htdocs\yii\framework1.1.7\web\CController.php(779): CController->renderPartial('ajaxLink', 'site/ajaxLink', true)
#6 C:\www\xampp\htdocs\yii_mena\protected\controllers\SiteController.php(107): CController->render('ajaxLink', 'site/ajaxLink')
#7 C:\www\xampp\htdocs\yii\framework1.1.7\web\actions\CInlineAction.php(50): SiteController->actionajaxLink()
#8 C:\www\xampp\htdocs\yii\framework1.1.7\web\CController.php(300): CInlineAction->runWithParams(Array)
#9 C:\www\xampp\htdocs\yii\framework1.1.7\web\CController.php(278): CController->runAction(Object(CInlineAction))
#10 C:\www\xampp\htdocs\yii\framework1.1.7\web\CController.php(257): CController->runActionWithFilters(Object(CInlineAction), Array)
#11 C:\www\xampp\htdocs\yii\framework1.1.7\web\CWebApplication.php(328): CController->run('ajaxLink')
#12 C:\www\xampp\htdocs\yii\framework1.1.7\web\CWebApplication.php(121): CWebApplication->runController('site/ajaxLink')
#13 C:\www\xampp\htdocs\yii\framework1.1.7\base\CApplication.php(155): CWebApplication->processRequest()
#14 C:\www\xampp\htdocs\yii_mena\index.php(13): CApplication->run()
#15 {main} REQUEST_URI=/yii_mena/index.php?r=site/ajaxLink
2012/02/25 16:29:15 [error] [exception.CException] exception 'CException' with message 'SiteController does not have a method named "ajaxLink".' in C:\www\xampp\htdocs\yii\framework1.1.7\base\CComponent.php:266
Stack trace:
#0 [internal function]: CComponent->__call('ajaxLink', Array)
#1 C:\www\xampp\htdocs\yii_mena\protected\views\site\ajaxlink.php(2): SiteController->ajaxLink('hey cze??!!', 'site/ajaxem')
#2 C:\www\xampp\htdocs\yii\framework1.1.7\web\CBaseController.php(119): require('C:\www\xampp\ht...')
#3 C:\www\xampp\htdocs\yii\framework1.1.7\web\CBaseController.php(88): CBaseController->renderInternal('C:\www\xampp\ht...', 'site/ajaxLink', true)
#4 C:\www\xampp\htdocs\yii\framework1.1.7\web\CController.php(866): CBaseController->renderFile('C:\www\xampp\ht...', 'site/ajaxLink', true)
#5 C:\www\xampp\htdocs\yii\framework1.1.7\web\CController.php(779): CController->renderPartial('ajaxLink', 'site/ajaxLink', true)
#6 C:\www\xampp\htdocs\yii_mena\protected\controllers\SiteController.php(107): CController->render('ajaxLink', 'site/ajaxLink')
#7 C:\www\xampp\htdocs\yii\framework1.1.7\web\actions\CInlineAction.php(50): SiteController->actionajaxLink()
#8 C:\www\xampp\htdocs\yii\framework1.1.7\web\CController.php(300): CInlineAction->runWithParams(Array)
#9 C:\www\xampp\htdocs\yii\framework1.1.7\web\CController.php(278): CController->runAction(Object(CInlineAction))
#10 C:\www\xampp\htdocs\yii\framework1.1.7\web\CController.php(257): CController->runActionWithFilters(Object(CInlineAction), Array)
#11 C:\www\xampp\htdocs\yii\framework1.1.7\web\CWebApplication.php(328): CController->run('ajaxLink')
#12 C:\www\xampp\htdocs\yii\framework1.1.7\web\CWebApplication.php(121): CWebApplication->runController('site/ajaxLink')
#13 C:\www\xampp\htdocs\yii\framework1.1.7\base\CApplication.php(155): CWebApplication->processRequest()
#14 C:\www\xampp\htdocs\yii_mena\index.php(13): CApplication->run()
#15 {main} REQUEST_URI=/yii_mena/index.php?r=site/ajaxLink
2012/02/25 16:29:31 [error] [exception.CException] exception 'CException' with message 'SiteController does not have a method named "ajaxLink".' in C:\www\xampp\htdocs\yii\framework1.1.7\base\CComponent.php:266
Stack trace:
#0 [internal function]: CComponent->__call('ajaxLink', Array)
#1 C:\www\xampp\htdocs\yii_mena\protected\views\site\ajaxlink.php(2): SiteController->ajaxLink('hey cze??!!', 'site/ajaxem')
#2 C:\www\xampp\htdocs\yii\framework1.1.7\web\CBaseController.php(119): require('C:\www\xampp\ht...')
#3 C:\www\xampp\htdocs\yii\framework1.1.7\web\CBaseController.php(88): CBaseController->renderInternal('C:\www\xampp\ht...', 'site/ajaxLink', true)
#4 C:\www\xampp\htdocs\yii\framework1.1.7\web\CController.php(866): CBaseController->renderFile('C:\www\xampp\ht...', 'site/ajaxLink', true)
#5 C:\www\xampp\htdocs\yii\framework1.1.7\web\CController.php(779): CController->renderPartial('ajaxLink', 'site/ajaxLink', true)
#6 C:\www\xampp\htdocs\yii_mena\protected\controllers\SiteController.php(107): CController->render('ajaxLink', 'site/ajaxLink')
#7 C:\www\xampp\htdocs\yii\framework1.1.7\web\actions\CInlineAction.php(50): SiteController->actionajaxLink()
#8 C:\www\xampp\htdocs\yii\framework1.1.7\web\CController.php(300): CInlineAction->runWithParams(Array)
#9 C:\www\xampp\htdocs\yii\framework1.1.7\web\CController.php(278): CController->runAction(Object(CInlineAction))
#10 C:\www\xampp\htdocs\yii\framework1.1.7\web\CController.php(257): CController->runActionWithFilters(Object(CInlineAction), Array)
#11 C:\www\xampp\htdocs\yii\framework1.1.7\web\CWebApplication.php(328): CController->run('ajaxLink')
#12 C:\www\xampp\htdocs\yii\framework1.1.7\web\CWebApplication.php(121): CWebApplication->runController('site/ajaxLink')
#13 C:\www\xampp\htdocs\yii\framework1.1.7\base\CApplication.php(155): CWebApplication->processRequest()
#14 C:\www\xampp\htdocs\yii_mena\index.php(13): CApplication->run()
#15 {main} REQUEST_URI=/yii_mena/index.php?r=site/ajaxLink
2012/02/25 16:30:19 [error] [exception.CException] exception 'CException' with message 'SiteController does not have a method named "ajaxLink".' in C:\www\xampp\htdocs\yii\framework1.1.7\base\CComponent.php:266
Stack trace:
#0 [internal function]: CComponent->__call('ajaxLink', Array)
#1 C:\www\xampp\htdocs\yii_mena\protected\views\site\ajaxlink.php(2): SiteController->ajaxLink('hey cze??!!', 'ajaxem')
#2 C:\www\xampp\htdocs\yii\framework1.1.7\web\CBaseController.php(119): require('C:\www\xampp\ht...')
#3 C:\www\xampp\htdocs\yii\framework1.1.7\web\CBaseController.php(88): CBaseController->renderInternal('C:\www\xampp\ht...', 'site/ajaxLink', true)
#4 C:\www\xampp\htdocs\yii\framework1.1.7\web\CController.php(866): CBaseController->renderFile('C:\www\xampp\ht...', 'site/ajaxLink', true)
#5 C:\www\xampp\htdocs\yii\framework1.1.7\web\CController.php(779): CController->renderPartial('ajaxLink', 'site/ajaxLink', true)
#6 C:\www\xampp\htdocs\yii_mena\protected\controllers\SiteController.php(107): CController->render('ajaxLink', 'site/ajaxLink')
#7 C:\www\xampp\htdocs\yii\framework1.1.7\web\actions\CInlineAction.php(50): SiteController->actionajaxLink()
#8 C:\www\xampp\htdocs\yii\framework1.1.7\web\CController.php(300): CInlineAction->runWithParams(Array)
#9 C:\www\xampp\htdocs\yii\framework1.1.7\web\CController.php(278): CController->runAction(Object(CInlineAction))
#10 C:\www\xampp\htdocs\yii\framework1.1.7\web\CController.php(257): CController->runActionWithFilters(Object(CInlineAction), Array)
#11 C:\www\xampp\htdocs\yii\framework1.1.7\web\CWebApplication.php(328): CController->run('ajaxLink')
#12 C:\www\xampp\htdocs\yii\framework1.1.7\web\CWebApplication.php(121): CWebApplication->runController('site/ajaxLink')
#13 C:\www\xampp\htdocs\yii\framework1.1.7\base\CApplication.php(155): CWebApplication->processRequest()
#14 C:\www\xampp\htdocs\yii_mena\index.php(13): CApplication->run()
#15 {main} REQUEST_URI=/yii_mena/index.php?r=site/ajaxLink
2012/02/25 16:31:16 [error] [exception.CException] exception 'CException' with message 'SiteController does not have a method named "ajaxLink".' in C:\www\xampp\htdocs\yii\framework1.1.7\base\CComponent.php:266
Stack trace:
#0 [internal function]: CComponent->__call('ajaxLink', Array)
#1 C:\www\xampp\htdocs\yii_mena\protected\views\site\ajaxlink.php(4): SiteController->ajaxLink('hey cze??!!', 'ajaxem')
#2 C:\www\xampp\htdocs\yii\framework1.1.7\web\CBaseController.php(119): require('C:\www\xampp\ht...')
#3 C:\www\xampp\htdocs\yii\framework1.1.7\web\CBaseController.php(88): CBaseController->renderInternal('C:\www\xampp\ht...', 'site/ajaxLink', true)
#4 C:\www\xampp\htdocs\yii\framework1.1.7\web\CController.php(866): CBaseController->renderFile('C:\www\xampp\ht...', 'site/ajaxLink', true)
#5 C:\www\xampp\htdocs\yii\framework1.1.7\web\CController.php(779): CController->renderPartial('ajaxLink', 'site/ajaxLink', true)
#6 C:\www\xampp\htdocs\yii_mena\protected\controllers\SiteController.php(107): CController->render('ajaxLink', 'site/ajaxLink')
#7 C:\www\xampp\htdocs\yii\framework1.1.7\web\actions\CInlineAction.php(50): SiteController->actionajaxLink()
#8 C:\www\xampp\htdocs\yii\framework1.1.7\web\CController.php(300): CInlineAction->runWithParams(Array)
#9 C:\www\xampp\htdocs\yii\framework1.1.7\web\CController.php(278): CController->runAction(Object(CInlineAction))
#10 C:\www\xampp\htdocs\yii\framework1.1.7\web\CController.php(257): CController->runActionWithFilters(Object(CInlineAction), Array)
#11 C:\www\xampp\htdocs\yii\framework1.1.7\web\CWebApplication.php(328): CController->run('ajaxLink')
#12 C:\www\xampp\htdocs\yii\framework1.1.7\web\CWebApplication.php(121): CWebApplication->runController('site/ajaxLink')
#13 C:\www\xampp\htdocs\yii\framework1.1.7\base\CApplication.php(155): CWebApplication->processRequest()
#14 C:\www\xampp\htdocs\yii_mena\index.php(13): CApplication->run()
#15 {main} REQUEST_URI=/yii_mena/index.php?r=site/ajaxLink
2012/02/25 16:33:10 [error] [exception.CException] exception 'CException' with message 'SiteController does not have a method named "ajaxLink".' in C:\www\xampp\htdocs\yii\framework1.1.7\base\CComponent.php:266
Stack trace:
#0 [internal function]: CComponent->__call('ajaxLink', Array)
#1 C:\www\xampp\htdocs\yii_mena\protected\views\site\ajaxLink.php(4): SiteController->ajaxLink('hey cze??!!', 'site/ajaxem')
#2 C:\www\xampp\htdocs\yii\framework1.1.7\web\CBaseController.php(119): require('C:\www\xampp\ht...')
#3 C:\www\xampp\htdocs\yii\framework1.1.7\web\CBaseController.php(88): CBaseController->renderInternal('C:\www\xampp\ht...', 'site/ajaxLink', true)
#4 C:\www\xampp\htdocs\yii\framework1.1.7\web\CController.php(866): CBaseController->renderFile('C:\www\xampp\ht...', 'site/ajaxLink', true)
#5 C:\www\xampp\htdocs\yii\framework1.1.7\web\CController.php(779): CController->renderPartial('ajaxLink', 'site/ajaxLink', true)
#6 C:\www\xampp\htdocs\yii_mena\protected\controllers\SiteController.php(107): CController->render('ajaxLink', 'site/ajaxLink')
#7 C:\www\xampp\htdocs\yii\framework1.1.7\web\actions\CInlineAction.php(50): SiteController->actionajaxLink()
#8 C:\www\xampp\htdocs\yii\framework1.1.7\web\CController.php(300): CInlineAction->runWithParams(Array)
#9 C:\www\xampp\htdocs\yii\framework1.1.7\web\CController.php(278): CController->runAction(Object(CInlineAction))
#10 C:\www\xampp\htdocs\yii\framework1.1.7\web\CController.php(257): CController->runActionWithFilters(Object(CInlineAction), Array)
#11 C:\www\xampp\htdocs\yii\framework1.1.7\web\CWebApplication.php(328): CController->run('ajaxLink')
#12 C:\www\xampp\htdocs\yii\framework1.1.7\web\CWebApplication.php(121): CWebApplication->runController('site/ajaxLink')
#13 C:\www\xampp\htdocs\yii\framework1.1.7\base\CApplication.php(155): CWebApplication->processRequest()
#14 C:\www\xampp\htdocs\yii_mena\index.php(13): CApplication->run()
#15 {main} REQUEST_URI=/yii_mena/index.php?r=site/ajaxLink
2012/02/25 16:34:18 [error] [exception.CException] exception 'CException' with message 'SiteController cannot find the requested view "site/ajaxLink".' in C:\www\xampp\htdocs\yii\framework1.1.7\web\CController.php:875
Stack trace:
#0 C:\www\xampp\htdocs\yii\framework1.1.7\web\CController.php(779): CController->renderPartial('site/ajaxLink', NULL, true)
#1 C:\www\xampp\htdocs\yii_mena\protected\controllers\SiteController.php(107): CController->render('site/ajaxLink')
#2 C:\www\xampp\htdocs\yii\framework1.1.7\web\actions\CInlineAction.php(50): SiteController->actionajaxLink()
#3 C:\www\xampp\htdocs\yii\framework1.1.7\web\CController.php(300): CInlineAction->runWithParams(Array)
#4 C:\www\xampp\htdocs\yii\framework1.1.7\web\CController.php(278): CController->runAction(Object(CInlineAction))
#5 C:\www\xampp\htdocs\yii\framework1.1.7\web\CController.php(257): CController->runActionWithFilters(Object(CInlineAction), Array)
#6 C:\www\xampp\htdocs\yii\framework1.1.7\web\CWebApplication.php(328): CController->run('ajaxLink')
#7 C:\www\xampp\htdocs\yii\framework1.1.7\web\CWebApplication.php(121): CWebApplication->runController('site/ajaxLink')
#8 C:\www\xampp\htdocs\yii\framework1.1.7\base\CApplication.php(155): CWebApplication->processRequest()
#9 C:\www\xampp\htdocs\yii_mena\index.php(13): CApplication->run()
#10 {main} REQUEST_URI=/yii_mena/index.php?r=site/ajaxLink
2012/02/25 16:35:15 [error] [exception.CException] exception 'CException' with message 'SiteController cannot find the requested view "site/ajaxLink".' in C:\www\xampp\htdocs\yii\framework1.1.7\web\CController.php:875
Stack trace:
#0 C:\www\xampp\htdocs\yii\framework1.1.7\web\CController.php(779): CController->renderPartial('site/ajaxLink', NULL, true)
#1 C:\www\xampp\htdocs\yii_mena\protected\controllers\SiteController.php(107): CController->render('site/ajaxLink')
#2 C:\www\xampp\htdocs\yii\framework1.1.7\web\actions\CInlineAction.php(50): SiteController->actionajaxLink()
#3 C:\www\xampp\htdocs\yii\framework1.1.7\web\CController.php(300): CInlineAction->runWithParams(Array)
#4 C:\www\xampp\htdocs\yii\framework1.1.7\web\CController.php(278): CController->runAction(Object(CInlineAction))
#5 C:\www\xampp\htdocs\yii\framework1.1.7\web\CController.php(257): CController->runActionWithFilters(Object(CInlineAction), Array)
#6 C:\www\xampp\htdocs\yii\framework1.1.7\web\CWebApplication.php(328): CController->run('ajaxLink')
#7 C:\www\xampp\htdocs\yii\framework1.1.7\web\CWebApplication.php(121): CWebApplication->runController('site/ajaxLink')
#8 C:\www\xampp\htdocs\yii\framework1.1.7\base\CApplication.php(155): CWebApplication->processRequest()
#9 C:\www\xampp\htdocs\yii_mena\index.php(13): CApplication->run()
#10 {main} REQUEST_URI=/yii_mena/index.php?r=site/ajaxLink
2012/02/25 16:36:15 [error] [exception.CException] exception 'CException' with message 'SiteController cannot find the requested view "site/ajaxLink".' in C:\www\xampp\htdocs\yii\framework1.1.7\web\CController.php:875
Stack trace:
#0 C:\www\xampp\htdocs\yii\framework1.1.7\web\CController.php(779): CController->renderPartial('site/ajaxLink', NULL, true)
#1 C:\www\xampp\htdocs\yii_mena\protected\controllers\SiteController.php(107): CController->render('site/ajaxLink')
#2 C:\www\xampp\htdocs\yii\framework1.1.7\web\actions\CInlineAction.php(50): SiteController->actionajaxLink()
#3 C:\www\xampp\htdocs\yii\framework1.1.7\web\CController.php(300): CInlineAction->runWithParams(Array)
#4 C:\www\xampp\htdocs\yii\framework1.1.7\web\CController.php(278): CController->runAction(Object(CInlineAction))
#5 C:\www\xampp\htdocs\yii\framework1.1.7\web\CController.php(257): CController->runActionWithFilters(Object(CInlineAction), Array)
#6 C:\www\xampp\htdocs\yii\framework1.1.7\web\CWebApplication.php(328): CController->run('ajaxLink')
#7 C:\www\xampp\htdocs\yii\framework1.1.7\web\CWebApplication.php(121): CWebApplication->runController('site/ajaxLink')
#8 C:\www\xampp\htdocs\yii\framework1.1.7\base\CApplication.php(155): CWebApplication->processRequest()
#9 C:\www\xampp\htdocs\yii_mena\index.php(13): CApplication->run()
#10 {main} REQUEST_URI=/yii_mena/index.php?r=site/ajaxLink
2012/02/25 16:36:42 [error] [exception.CException] exception 'CException' with message 'SiteController cannot find the requested view "site/ajaxLink".' in C:\www\xampp\htdocs\yii\framework1.1.7\web\CController.php:875
Stack trace:
#0 C:\www\xampp\htdocs\yii\framework1.1.7\web\CController.php(779): CController->renderPartial('site/ajaxLink', NULL, true)
#1 C:\www\xampp\htdocs\yii_mena\protected\controllers\SiteController.php(107): CController->render('site/ajaxLink')
#2 C:\www\xampp\htdocs\yii\framework1.1.7\web\actions\CInlineAction.php(50): SiteController->actionajaxLink()
#3 C:\www\xampp\htdocs\yii\framework1.1.7\web\CController.php(300): CInlineAction->runWithParams(Array)
#4 C:\www\xampp\htdocs\yii\framework1.1.7\web\CController.php(278): CController->runAction(Object(CInlineAction))
#5 C:\www\xampp\htdocs\yii\framework1.1.7\web\CController.php(257): CController->runActionWithFilters(Object(CInlineAction), Array)
#6 C:\www\xampp\htdocs\yii\framework1.1.7\web\CWebApplication.php(328): CController->run('ajaxlink')
#7 C:\www\xampp\htdocs\yii\framework1.1.7\web\CWebApplication.php(121): CWebApplication->runController('site/ajaxlink')
#8 C:\www\xampp\htdocs\yii\framework1.1.7\base\CApplication.php(155): CWebApplication->processRequest()
#9 C:\www\xampp\htdocs\yii_mena\index.php(13): CApplication->run()
#10 {main} REQUEST_URI=/yii_mena/index.php?r=site/ajaxlink
2012/02/25 16:37:02 [error] [exception.CException] exception 'CException' with message 'SiteController cannot find the requested view "site/ajaxlink".' in C:\www\xampp\htdocs\yii\framework1.1.7\web\CController.php:875
Stack trace:
#0 C:\www\xampp\htdocs\yii\framework1.1.7\web\CController.php(779): CController->renderPartial('site/ajaxlink', NULL, true)
#1 C:\www\xampp\htdocs\yii_mena\protected\controllers\SiteController.php(107): CController->render('site/ajaxlink')
#2 C:\www\xampp\htdocs\yii\framework1.1.7\web\actions\CInlineAction.php(50): SiteController->actionajaxLink()
#3 C:\www\xampp\htdocs\yii\framework1.1.7\web\CController.php(300): CInlineAction->runWithParams(Array)
#4 C:\www\xampp\htdocs\yii\framework1.1.7\web\CController.php(278): CController->runAction(Object(CInlineAction))
#5 C:\www\xampp\htdocs\yii\framework1.1.7\web\CController.php(257): CController->runActionWithFilters(Object(CInlineAction), Array)
#6 C:\www\xampp\htdocs\yii\framework1.1.7\web\CWebApplication.php(328): CController->run('ajaxLink')
#7 C:\www\xampp\htdocs\yii\framework1.1.7\web\CWebApplication.php(121): CWebApplication->runController('site/ajaxLink')
#8 C:\www\xampp\htdocs\yii\framework1.1.7\base\CApplication.php(155): CWebApplication->processRequest()
#9 C:\www\xampp\htdocs\yii_mena\index.php(13): CApplication->run()
#10 {main} REQUEST_URI=/yii_mena/index.php?r=site/ajaxLink
2012/02/25 16:37:38 [error] [exception.CException] exception 'CException' with message 'SiteController cannot find the requested view "site/ajaxLink".' in C:\www\xampp\htdocs\yii\framework1.1.7\web\CController.php:875
Stack trace:
#0 C:\www\xampp\htdocs\yii\framework1.1.7\web\CController.php(779): CController->renderPartial('site/ajaxLink', NULL, true)
#1 C:\www\xampp\htdocs\yii_mena\protected\controllers\SiteController.php(107): CController->render('site/ajaxLink')
#2 C:\www\xampp\htdocs\yii\framework1.1.7\web\actions\CInlineAction.php(50): SiteController->actionAjaxLink()
#3 C:\www\xampp\htdocs\yii\framework1.1.7\web\CController.php(300): CInlineAction->runWithParams(Array)
#4 C:\www\xampp\htdocs\yii\framework1.1.7\web\CController.php(278): CController->runAction(Object(CInlineAction))
#5 C:\www\xampp\htdocs\yii\framework1.1.7\web\CController.php(257): CController->runActionWithFilters(Object(CInlineAction), Array)
#6 C:\www\xampp\htdocs\yii\framework1.1.7\web\CWebApplication.php(328): CController->run('ajaxLink')
#7 C:\www\xampp\htdocs\yii\framework1.1.7\web\CWebApplication.php(121): CWebApplication->runController('site/ajaxLink')
#8 C:\www\xampp\htdocs\yii\framework1.1.7\base\CApplication.php(155): CWebApplication->processRequest()
#9 C:\www\xampp\htdocs\yii_mena\index.php(13): CApplication->run()
#10 {main} REQUEST_URI=/yii_mena/index.php?r=site/ajaxLink
2012/02/25 16:38:43 [error] [exception.CException] exception 'CException' with message 'SiteController cannot find the requested view "site/ajaxLink".' in C:\www\xampp\htdocs\yii\framework1.1.7\web\CController.php:875
Stack trace:
#0 C:\www\xampp\htdocs\yii\framework1.1.7\web\CController.php(779): CController->renderPartial('site/ajaxLink', NULL, true)
#1 C:\www\xampp\htdocs\yii_mena\protected\controllers\SiteController.php(107): CController->render('site/ajaxLink')
#2 C:\www\xampp\htdocs\yii\framework1.1.7\web\actions\CInlineAction.php(50): SiteController->actionAjaxLink()
#3 C:\www\xampp\htdocs\yii\framework1.1.7\web\CController.php(300): CInlineAction->runWithParams(Array)
#4 C:\www\xampp\htdocs\yii\framework1.1.7\web\CController.php(278): CController->runAction(Object(CInlineAction))
#5 C:\www\xampp\htdocs\yii\framework1.1.7\web\CController.php(257): CController->runActionWithFilters(Object(CInlineAction), Array)
#6 C:\www\xampp\htdocs\yii\framework1.1.7\web\CWebApplication.php(328): CController->run('ajaxLink')
#7 C:\www\xampp\htdocs\yii\framework1.1.7\web\CWebApplication.php(121): CWebApplication->runController('site/ajaxLink')
#8 C:\www\xampp\htdocs\yii\framework1.1.7\base\CApplication.php(155): CWebApplication->processRequest()
#9 C:\www\xampp\htdocs\yii_mena\index.php(13): CApplication->run()
#10 {main} REQUEST_URI=/yii_mena/index.php?r=site/ajaxLink
2012/02/25 16:40:12 [error] [exception.CHttpException.404] exception 'CHttpException' with message 'The system is unable to find the requested action "ajaxLink".' in C:\www\xampp\htdocs\yii\framework1.1.7\web\CController.php:477
Stack trace:
#0 C:\www\xampp\htdocs\yii\framework1.1.7\web\CController.php(262): CController->missingAction('ajaxLink')
#1 C:\www\xampp\htdocs\yii\framework1.1.7\web\CWebApplication.php(328): CController->run('ajaxLink')
#2 C:\www\xampp\htdocs\yii\framework1.1.7\web\CWebApplication.php(121): CWebApplication->runController('site/ajaxLink')
#3 C:\www\xampp\htdocs\yii\framework1.1.7\base\CApplication.php(155): CWebApplication->processRequest()
#4 C:\www\xampp\htdocs\yii_mena\index.php(13): CApplication->run()
#5 {main} REQUEST_URI=/yii_mena/index.php?r=site/ajaxLink
2012/02/25 16:40:53 [error] [exception.CHttpException.404] exception 'CHttpException' with message 'The system is unable to find the requested action "ajaxLink".' in C:\www\xampp\htdocs\yii\framework1.1.7\web\CController.php:477
Stack trace:
#0 C:\www\xampp\htdocs\yii\framework1.1.7\web\CController.php(262): CController->missingAction('ajaxLink')
#1 C:\www\xampp\htdocs\yii\framework1.1.7\web\CWebApplication.php(328): CController->run('ajaxLink')
#2 C:\www\xampp\htdocs\yii\framework1.1.7\web\CWebApplication.php(121): CWebApplication->runController('site/ajaxLink')
#3 C:\www\xampp\htdocs\yii\framework1.1.7\base\CApplication.php(155): CWebApplication->processRequest()
#4 C:\www\xampp\htdocs\yii_mena\index.php(13): CApplication->run()
#5 {main} REQUEST_URI=/yii_mena/index.php?r=site/ajaxLink
2012/02/25 16:40:59 [error] [exception.CHttpException.404] exception 'CHttpException' with message 'The system is unable to find the requested action "ajaxLink".' in C:\www\xampp\htdocs\yii\framework1.1.7\web\CController.php:477
Stack trace:
#0 C:\www\xampp\htdocs\yii\framework1.1.7\web\CController.php(262): CController->missingAction('ajaxLink')
#1 C:\www\xampp\htdocs\yii\framework1.1.7\web\CWebApplication.php(328): CController->run('ajaxLink')
#2 C:\www\xampp\htdocs\yii\framework1.1.7\web\CWebApplication.php(121): CWebApplication->runController('site/ajaxLink')
#3 C:\www\xampp\htdocs\yii\framework1.1.7\base\CApplication.php(155): CWebApplication->processRequest()
#4 C:\www\xampp\htdocs\yii_mena\index.php(13): CApplication->run()
#5 {main} REQUEST_URI=/yii_mena/index.php?r=site/ajaxLink
2012/02/25 16:41:08 [error] [exception.CException] exception 'CException' with message 'SiteController cannot find the requested view "site/linkajax".' in C:\www\xampp\htdocs\yii\framework1.1.7\web\CController.php:875
Stack trace:
#0 C:\www\xampp\htdocs\yii\framework1.1.7\web\CController.php(779): CController->renderPartial('site/linkajax', NULL, true)
#1 C:\www\xampp\htdocs\yii_mena\protected\controllers\SiteController.php(107): CController->render('site/linkajax')
#2 C:\www\xampp\htdocs\yii\framework1.1.7\web\actions\CInlineAction.php(50): SiteController->actionLinkAjax()
#3 C:\www\xampp\htdocs\yii\framework1.1.7\web\CController.php(300): CInlineAction->runWithParams(Array)
#4 C:\www\xampp\htdocs\yii\framework1.1.7\web\CController.php(278): CController->runAction(Object(CInlineAction))
#5 C:\www\xampp\htdocs\yii\framework1.1.7\web\CController.php(257): CController->runActionWithFilters(Object(CInlineAction), Array)
#6 C:\www\xampp\htdocs\yii\framework1.1.7\web\CWebApplication.php(328): CController->run('linkajax')
#7 C:\www\xampp\htdocs\yii\framework1.1.7\web\CWebApplication.php(121): CWebApplication->runController('site/linkajax')
#8 C:\www\xampp\htdocs\yii\framework1.1.7\base\CApplication.php(155): CWebApplication->processRequest()
#9 C:\www\xampp\htdocs\yii_mena\index.php(13): CApplication->run()
#10 {main} REQUEST_URI=/yii_mena/index.php?r=site/linkajax
2012/02/25 16:43:21 [error] [exception.CHttpException.404] exception 'CHttpException' with message 'The system is unable to find the requested action "ajaxLink".' in C:\www\xampp\htdocs\yii\framework1.1.7\web\CController.php:477
Stack trace:
#0 C:\www\xampp\htdocs\yii\framework1.1.7\web\CController.php(262): CController->missingAction('ajaxLink')
#1 C:\www\xampp\htdocs\yii\framework1.1.7\web\CWebApplication.php(328): CController->run('ajaxLink')
#2 C:\www\xampp\htdocs\yii\framework1.1.7\web\CWebApplication.php(121): CWebApplication->runController('site/ajaxLink')
#3 C:\www\xampp\htdocs\yii\framework1.1.7\base\CApplication.php(155): CWebApplication->processRequest()
#4 C:\www\xampp\htdocs\yii_mena\index.php(13): CApplication->run()
#5 {main} REQUEST_URI=/yii_mena/index.php?r=site/ajaxLink
2012/02/25 16:43:25 [error] [exception.CHttpException.404] exception 'CHttpException' with message 'The system is unable to find the requested action "ajaxLink".' in C:\www\xampp\htdocs\yii\framework1.1.7\web\CController.php:477
Stack trace:
#0 C:\www\xampp\htdocs\yii\framework1.1.7\web\CController.php(262): CController->missingAction('ajaxLink')
#1 C:\www\xampp\htdocs\yii\framework1.1.7\web\CWebApplication.php(328): CController->run('ajaxLink')
#2 C:\www\xampp\htdocs\yii\framework1.1.7\web\CWebApplication.php(121): CWebApplication->runController('site/ajaxLink')
#3 C:\www\xampp\htdocs\yii\framework1.1.7\base\CApplication.php(155): CWebApplication->processRequest()
#4 C:\www\xampp\htdocs\yii_mena\index.php(13): CApplication->run()
#5 {main} REQUEST_URI=/yii_mena/index.php?r=site/ajaxLink
2012/02/25 16:43:30 [error] [exception.CHttpException.404] exception 'CHttpException' with message 'The system is unable to find the requested action "ajaxLink".' in C:\www\xampp\htdocs\yii\framework1.1.7\web\CController.php:477
Stack trace:
#0 C:\www\xampp\htdocs\yii\framework1.1.7\web\CController.php(262): CController->missingAction('ajaxLink')
#1 C:\www\xampp\htdocs\yii\framework1.1.7\web\CWebApplication.php(328): CController->run('ajaxLink')
#2 C:\www\xampp\htdocs\yii\framework1.1.7\web\CWebApplication.php(121): CWebApplication->runController('site/ajaxLink')
#3 C:\www\xampp\htdocs\yii\framework1.1.7\base\CApplication.php(155): CWebApplication->processRequest()
#4 C:\www\xampp\htdocs\yii_mena\index.php(13): CApplication->run()
#5 {main} REQUEST_URI=/yii_mena/index.php?r=site/ajaxLink
2012/02/25 16:43:37 [error] [exception.CHttpException.404] exception 'CHttpException' with message 'The system is unable to find the requested action "ajaxLink".' in C:\www\xampp\htdocs\yii\framework1.1.7\web\CController.php:477
Stack trace:
#0 C:\www\xampp\htdocs\yii\framework1.1.7\web\CController.php(262): CController->missingAction('ajaxLink')
#1 C:\www\xampp\htdocs\yii\framework1.1.7\web\CWebApplication.php(328): CController->run('ajaxLink')
#2 C:\www\xampp\htdocs\yii\framework1.1.7\web\CWebApplication.php(121): CWebApplication->runController('site/ajaxLink')
#3 C:\www\xampp\htdocs\yii\framework1.1.7\base\CApplication.php(155): CWebApplication->processRequest()
#4 C:\www\xampp\htdocs\yii_mena\index.php(13): CApplication->run()
#5 {main} REQUEST_URI=/yii_mena/index.php?r=site/ajaxLink
2012/02/25 16:44:26 [error] [exception.CHttpException.404] exception 'CHttpException' with message 'The system is unable to find the requested action "ajaxLink".' in C:\www\xampp\htdocs\yii\framework1.1.7\web\CController.php:477
Stack trace:
#0 C:\www\xampp\htdocs\yii\framework1.1.7\web\CController.php(262): CController->missingAction('ajaxLink')
#1 C:\www\xampp\htdocs\yii\framework1.1.7\web\CWebApplication.php(328): CController->run('ajaxLink')
#2 C:\www\xampp\htdocs\yii\framework1.1.7\web\CWebApplication.php(121): CWebApplication->runController('site/ajaxLink')
#3 C:\www\xampp\htdocs\yii\framework1.1.7\base\CApplication.php(155): CWebApplication->processRequest()
#4 C:\www\xampp\htdocs\yii_mena\index.php(13): CApplication->run()
#5 {main} REQUEST_URI=/yii_mena/index.php?r=site/ajaxLink
2012/02/25 16:44:29 [error] [exception.CException] exception 'CException' with message 'SiteController cannot find the requested view "site/linkajax".' in C:\www\xampp\htdocs\yii\framework1.1.7\web\CController.php:875
Stack trace:
#0 C:\www\xampp\htdocs\yii\framework1.1.7\web\CController.php(779): CController->renderPartial('site/linkajax', NULL, true)
#1 C:\www\xampp\htdocs\yii_mena\protected\controllers\SiteController.php(107): CController->render('site/linkajax')
#2 C:\www\xampp\htdocs\yii\framework1.1.7\web\actions\CInlineAction.php(50): SiteController->actionLinkAjax()
#3 C:\www\xampp\htdocs\yii\framework1.1.7\web\CController.php(300): CInlineAction->runWithParams(Array)
#4 C:\www\xampp\htdocs\yii\framework1.1.7\web\CController.php(278): CController->runAction(Object(CInlineAction))
#5 C:\www\xampp\htdocs\yii\framework1.1.7\web\CController.php(257): CController->runActionWithFilters(Object(CInlineAction), Array)
#6 C:\www\xampp\htdocs\yii\framework1.1.7\web\CWebApplication.php(328): CController->run('linkajax')
#7 C:\www\xampp\htdocs\yii\framework1.1.7\web\CWebApplication.php(121): CWebApplication->runController('site/linkajax')
#8 C:\www\xampp\htdocs\yii\framework1.1.7\base\CApplication.php(155): CWebApplication->processRequest()
#9 C:\www\xampp\htdocs\yii_mena\index.php(13): CApplication->run()
#10 {main} REQUEST_URI=/yii_mena/index.php?r=site/linkajax
2012/02/25 16:45:11 [error] [exception.CException] exception 'CException' with message 'SiteController cannot find the requested view "site/linkajax".' in C:\www\xampp\htdocs\yii\framework1.1.7\web\CController.php:875
Stack trace:
#0 C:\www\xampp\htdocs\yii\framework1.1.7\web\CController.php(779): CController->renderPartial('site/linkajax', NULL, true)
#1 C:\www\xampp\htdocs\yii_mena\protected\controllers\SiteController.php(107): CController->render('site/linkajax')
#2 C:\www\xampp\htdocs\yii\framework1.1.7\web\actions\CInlineAction.php(50): SiteController->actionLinkAjax()
#3 C:\www\xampp\htdocs\yii\framework1.1.7\web\CController.php(300): CInlineAction->runWithParams(Array)
#4 C:\www\xampp\htdocs\yii\framework1.1.7\web\CController.php(278): CController->runAction(Object(CInlineAction))
#5 C:\www\xampp\htdocs\yii\framework1.1.7\web\CController.php(257): CController->runActionWithFilters(Object(CInlineAction), Array)
#6 C:\www\xampp\htdocs\yii\framework1.1.7\web\CWebApplication.php(328): CController->run('linkajax')
#7 C:\www\xampp\htdocs\yii\framework1.1.7\web\CWebApplication.php(121): CWebApplication->runController('site/linkajax')
#8 C:\www\xampp\htdocs\yii\framework1.1.7\base\CApplication.php(155): CWebApplication->processRequest()
#9 C:\www\xampp\htdocs\yii_mena\index.php(13): CApplication->run()
#10 {main} REQUEST_URI=/yii_mena/index.php?r=site/linkajax
2012/02/25 16:47:51 [error] [exception.CException] exception 'CException' with message 'SiteController does not have a method named "ajaxLink".' in C:\www\xampp\htdocs\yii\framework1.1.7\base\CComponent.php:266
Stack trace:
#0 [internal function]: CComponent->__call('ajaxLink', Array)
#1 C:\www\xampp\htdocs\yii_mena\protected\views\site\linkajax.php(4): SiteController->ajaxLink('hey cze??!!', 'site/ajaxem')
#2 C:\www\xampp\htdocs\yii\framework1.1.7\web\CBaseController.php(119): require('C:\www\xampp\ht...')
#3 C:\www\xampp\htdocs\yii\framework1.1.7\web\CBaseController.php(88): CBaseController->renderInternal('C:\www\xampp\ht...', NULL, true)
#4 C:\www\xampp\htdocs\yii\framework1.1.7\web\CController.php(866): CBaseController->renderFile('C:\www\xampp\ht...', NULL, true)
#5 C:\www\xampp\htdocs\yii\framework1.1.7\web\CController.php(779): CController->renderPartial('linkajax', NULL, true)
#6 C:\www\xampp\htdocs\yii_mena\protected\controllers\SiteController.php(107): CController->render('linkajax')
#7 C:\www\xampp\htdocs\yii\framework1.1.7\web\actions\CInlineAction.php(50): SiteController->actionLinkAjax()
#8 C:\www\xampp\htdocs\yii\framework1.1.7\web\CController.php(300): CInlineAction->runWithParams(Array)
#9 C:\www\xampp\htdocs\yii\framework1.1.7\web\CController.php(278): CController->runAction(Object(CInlineAction))
#10 C:\www\xampp\htdocs\yii\framework1.1.7\web\CController.php(257): CController->runActionWithFilters(Object(CInlineAction), Array)
#11 C:\www\xampp\htdocs\yii\framework1.1.7\web\CWebApplication.php(328): CController->run('linkajax')
#12 C:\www\xampp\htdocs\yii\framework1.1.7\web\CWebApplication.php(121): CWebApplication->runController('site/linkajax')
#13 C:\www\xampp\htdocs\yii\framework1.1.7\base\CApplication.php(155): CWebApplication->processRequest()
#14 C:\www\xampp\htdocs\yii_mena\index.php(13): CApplication->run()
#15 {main} REQUEST_URI=/yii_mena/index.php?r=site/linkajax
2012/02/25 16:48:11 [error] [exception.CException] exception 'CException' with message 'SiteController does not have a method named "ajaxLink".' in C:\www\xampp\htdocs\yii\framework1.1.7\base\CComponent.php:266
Stack trace:
#0 [internal function]: CComponent->__call('ajaxLink', Array)
#1 C:\www\xampp\htdocs\yii_mena\protected\views\site\linkajax.php(4): SiteController->ajaxLink('hey cze??!!', 'ajaxem')
#2 C:\www\xampp\htdocs\yii\framework1.1.7\web\CBaseController.php(119): require('C:\www\xampp\ht...')
#3 C:\www\xampp\htdocs\yii\framework1.1.7\web\CBaseController.php(88): CBaseController->renderInternal('C:\www\xampp\ht...', NULL, true)
#4 C:\www\xampp\htdocs\yii\framework1.1.7\web\CController.php(866): CBaseController->renderFile('C:\www\xampp\ht...', NULL, true)
#5 C:\www\xampp\htdocs\yii\framework1.1.7\web\CController.php(779): CController->renderPartial('linkajax', NULL, true)
#6 C:\www\xampp\htdocs\yii_mena\protected\controllers\SiteController.php(107): CController->render('linkajax')
#7 C:\www\xampp\htdocs\yii\framework1.1.7\web\actions\CInlineAction.php(50): SiteController->actionLinkAjax()
#8 C:\www\xampp\htdocs\yii\framework1.1.7\web\CController.php(300): CInlineAction->runWithParams(Array)
#9 C:\www\xampp\htdocs\yii\framework1.1.7\web\CController.php(278): CController->runAction(Object(CInlineAction))
#10 C:\www\xampp\htdocs\yii\framework1.1.7\web\CController.php(257): CController->runActionWithFilters(Object(CInlineAction), Array)
#11 C:\www\xampp\htdocs\yii\framework1.1.7\web\CWebApplication.php(328): CController->run('linkajax')
#12 C:\www\xampp\htdocs\yii\framework1.1.7\web\CWebApplication.php(121): CWebApplication->runController('site/linkajax')
#13 C:\www\xampp\htdocs\yii\framework1.1.7\base\CApplication.php(155): CWebApplication->processRequest()
#14 C:\www\xampp\htdocs\yii_mena\index.php(13): CApplication->run()
#15 {main} REQUEST_URI=/yii_mena/index.php?r=site/linkajax
2012/03/10 11:25:29 [error] [exception.CHttpException.404] exception 'CHttpException' with message 'The system is unable to find the requested action "naindex".' in C:\www\xampp\htdocs\yii\framework1.1.7\web\CController.php:477
Stack trace:
#0 C:\www\xampp\htdocs\yii\framework1.1.7\web\CController.php(262): CController->missingAction('naindex')
#1 C:\www\xampp\htdocs\yii\framework1.1.7\web\CWebApplication.php(328): CController->run('naindex')
#2 C:\www\xampp\htdocs\yii\framework1.1.7\web\CWebApplication.php(121): CWebApplication->runController('site/naindex')
#3 C:\www\xampp\htdocs\yii\framework1.1.7\base\CApplication.php(155): CWebApplication->processRequest()
#4 C:\www\xampp\htdocs\yii_mena\index.php(13): CApplication->run()
#5 {main} REQUEST_URI=/yii_mena/index.php?r=site/naindex
2012/03/10 11:26:42 [error] [exception.CHttpException.404] exception 'CHttpException' with message 'The system is unable to find the requested action "naindex".' in C:\www\xampp\htdocs\yii\framework1.1.7\web\CController.php:477
Stack trace:
#0 C:\www\xampp\htdocs\yii\framework1.1.7\web\CController.php(262): CController->missingAction('naindex')
#1 C:\www\xampp\htdocs\yii\framework1.1.7\web\CWebApplication.php(328): CController->run('naindex')
#2 C:\www\xampp\htdocs\yii\framework1.1.7\web\CWebApplication.php(121): CWebApplication->runController('site/naindex/')
#3 C:\www\xampp\htdocs\yii\framework1.1.7\base\CApplication.php(155): CWebApplication->processRequest()
#4 C:\www\xampp\htdocs\yii_mena\index.php(13): CApplication->run()
#5 {main} REQUEST_URI=/yii_mena/index.php?r=site/naindex/
2012/03/10 22:02:13 [error] [exception.CHttpException.404] exception 'CHttpException' with message 'The system is unable to find the requested action "menu".' in C:\www\xampp\htdocs\yii\framework1.1.7\web\CController.php:477
Stack trace:
#0 C:\www\xampp\htdocs\yii\framework1.1.7\web\CController.php(262): CController->missingAction('menu')
#1 C:\www\xampp\htdocs\yii\framework1.1.7\web\CWebApplication.php(328): CController->run('menu')
#2 C:\www\xampp\htdocs\yii\framework1.1.7\web\CWebApplication.php(121): CWebApplication->runController('site/menu')
#3 C:\www\xampp\htdocs\yii\framework1.1.7\base\CApplication.php(155): CWebApplication->processRequest()
#4 C:\www\xampp\htdocs\yii_mena\index.php(13): CApplication->run()
#5 {main} REQUEST_URI=/yii_mena/index.php?r=site/menu
2012/03/10 22:02:13 [error] [exception.CHttpException.404] exception 'CHttpException' with message 'The system is unable to find the requested action "footer".' in C:\www\xampp\htdocs\yii\framework1.1.7\web\CController.php:477
Stack trace:
#0 C:\www\xampp\htdocs\yii\framework1.1.7\web\CController.php(262): CController->missingAction('footer')
#1 C:\www\xampp\htdocs\yii\framework1.1.7\web\CWebApplication.php(328): CController->run('footer')
#2 C:\www\xampp\htdocs\yii\framework1.1.7\web\CWebApplication.php(121): CWebApplication->runController('site/footer')
#3 C:\www\xampp\htdocs\yii\framework1.1.7\base\CApplication.php(155): CWebApplication->processRequest()
#4 C:\www\xampp\htdocs\yii_mena\index.php(13): CApplication->run()
#5 {main} REQUEST_URI=/yii_mena/index.php?r=site/footer
2012/03/10 22:02:52 [error] [exception.CHttpException.404] exception 'CHttpException' with message 'The system is unable to find the requested action "footer".' in C:\www\xampp\htdocs\yii\framework1.1.7\web\CController.php:477
Stack trace:
#0 C:\www\xampp\htdocs\yii\framework1.1.7\web\CController.php(262): CController->missingAction('footer')
#1 C:\www\xampp\htdocs\yii\framework1.1.7\web\CWebApplication.php(328): CController->run('footer')
#2 C:\www\xampp\htdocs\yii\framework1.1.7\web\CWebApplication.php(121): CWebApplication->runController('site/footer')
#3 C:\www\xampp\htdocs\yii\framework1.1.7\base\CApplication.php(155): CWebApplication->processRequest()
#4 C:\www\xampp\htdocs\yii_mena\index.php(13): CApplication->run()
#5 {main} REQUEST_URI=/yii_mena/index.php?r=site/footer
2012/03/10 22:02:52 [error] [exception.CHttpException.404] exception 'CHttpException' with message 'The system is unable to find the requested action "menu".' in C:\www\xampp\htdocs\yii\framework1.1.7\web\CController.php:477
Stack trace:
#0 C:\www\xampp\htdocs\yii\framework1.1.7\web\CController.php(262): CController->missingAction('menu')
#1 C:\www\xampp\htdocs\yii\framework1.1.7\web\CWebApplication.php(328): CController->run('menu')
#2 C:\www\xampp\htdocs\yii\framework1.1.7\web\CWebApplication.php(121): CWebApplication->runController('site/menu')
#3 C:\www\xampp\htdocs\yii\framework1.1.7\base\CApplication.php(155): CWebApplication->processRequest()
#4 C:\www\xampp\htdocs\yii_mena\index.php(13): CApplication->run()
#5 {main} REQUEST_URI=/yii_mena/index.php?r=site/menu
2012/03/10 22:02:59 [error] [exception.CHttpException.404] exception 'CHttpException' with message 'The system is unable to find the requested action "footer".' in C:\www\xampp\htdocs\yii\framework1.1.7\web\CController.php:477
Stack trace:
#0 C:\www\xampp\htdocs\yii\framework1.1.7\web\CController.php(262): CController->missingAction('footer')
#1 C:\www\xampp\htdocs\yii\framework1.1.7\web\CWebApplication.php(328): CController->run('footer')
#2 C:\www\xampp\htdocs\yii\framework1.1.7\web\CWebApplication.php(121): CWebApplication->runController('site/footer')
#3 C:\www\xampp\htdocs\yii\framework1.1.7\base\CApplication.php(155): CWebApplication->processRequest()
#4 C:\www\xampp\htdocs\yii_mena\index.php(13): CApplication->run()
#5 {main} REQUEST_URI=/yii_mena/index.php?r=site/footer
2012/03/10 22:02:59 [error] [exception.CHttpException.404] exception 'CHttpException' with message 'The system is unable to find the requested action "menu".' in C:\www\xampp\htdocs\yii\framework1.1.7\web\CController.php:477
Stack trace:
#0 C:\www\xampp\htdocs\yii\framework1.1.7\web\CController.php(262): CController->missingAction('menu')
#1 C:\www\xampp\htdocs\yii\framework1.1.7\web\CWebApplication.php(328): CController->run('menu')
#2 C:\www\xampp\htdocs\yii\framework1.1.7\web\CWebApplication.php(121): CWebApplication->runController('site/menu')
#3 C:\www\xampp\htdocs\yii\framework1.1.7\base\CApplication.php(155): CWebApplication->processRequest()
#4 C:\www\xampp\htdocs\yii_mena\index.php(13): CApplication->run()
#5 {main} REQUEST_URI=/yii_mena/index.php?r=site/menu
2012/03/10 22:03:59 [error] [exception.CHttpException.404] exception 'CHttpException' with message 'The system is unable to find the requested action "footer".' in C:\www\xampp\htdocs\yii\framework1.1.7\web\CController.php:477
Stack trace:
#0 C:\www\xampp\htdocs\yii\framework1.1.7\web\CController.php(262): CController->missingAction('footer')
#1 C:\www\xampp\htdocs\yii\framework1.1.7\web\CWebApplication.php(328): CController->run('footer')
#2 C:\www\xampp\htdocs\yii\framework1.1.7\web\CWebApplication.php(121): CWebApplication->runController('site/footer')
#3 C:\www\xampp\htdocs\yii\framework1.1.7\base\CApplication.php(155): CWebApplication->processRequest()
#4 C:\www\xampp\htdocs\yii_mena\index.php(13): CApplication->run()
#5 {main} REQUEST_URI=/yii_mena/index.php?r=site/footer
2012/03/10 22:03:59 [error] [exception.CHttpException.404] exception 'CHttpException' with message 'The system is unable to find the requested action "menu".' in C:\www\xampp\htdocs\yii\framework1.1.7\web\CController.php:477
Stack trace:
#0 C:\www\xampp\htdocs\yii\framework1.1.7\web\CController.php(262): CController->missingAction('menu')
#1 C:\www\xampp\htdocs\yii\framework1.1.7\web\CWebApplication.php(328): CController->run('menu')
#2 C:\www\xampp\htdocs\yii\framework1.1.7\web\CWebApplication.php(121): CWebApplication->runController('site/menu')
#3 C:\www\xampp\htdocs\yii\framework1.1.7\base\CApplication.php(155): CWebApplication->processRequest()
#4 C:\www\xampp\htdocs\yii_mena\index.php(13): CApplication->run()
#5 {main} REQUEST_URI=/yii_mena/index.php?r=site/menu
2012/03/10 22:06:50 [error] [exception.CHttpException.404] exception 'CHttpException' with message 'The system is unable to find the requested action "menu".' in C:\www\xampp\htdocs\yii\framework1.1.7\web\CController.php:477
Stack trace:
#0 C:\www\xampp\htdocs\yii\framework1.1.7\web\CController.php(262): CController->missingAction('menu')
#1 C:\www\xampp\htdocs\yii\framework1.1.7\web\CWebApplication.php(328): CController->run('menu')
#2 C:\www\xampp\htdocs\yii\framework1.1.7\web\CWebApplication.php(121): CWebApplication->runController('site/menu')
#3 C:\www\xampp\htdocs\yii\framework1.1.7\base\CApplication.php(155): CWebApplication->processRequest()
#4 C:\www\xampp\htdocs\yii_mena\index.php(13): CApplication->run()
#5 {main} REQUEST_URI=/yii_mena/index.php?r=site/menu
2012/03/10 22:06:50 [error] [exception.CHttpException.404] exception 'CHttpException' with message 'The system is unable to find the requested action "footer".' in C:\www\xampp\htdocs\yii\framework1.1.7\web\CController.php:477
Stack trace:
#0 C:\www\xampp\htdocs\yii\framework1.1.7\web\CController.php(262): CController->missingAction('footer')
#1 C:\www\xampp\htdocs\yii\framework1.1.7\web\CWebApplication.php(328): CController->run('footer')
#2 C:\www\xampp\htdocs\yii\framework1.1.7\web\CWebApplication.php(121): CWebApplication->runController('site/footer')
#3 C:\www\xampp\htdocs\yii\framework1.1.7\base\CApplication.php(155): CWebApplication->processRequest()
#4 C:\www\xampp\htdocs\yii_mena\index.php(13): CApplication->run()
#5 {main} REQUEST_URI=/yii_mena/index.php?r=site/footer
2012/03/10 22:07:21 [error] [exception.CHttpException.404] exception 'CHttpException' with message 'The system is unable to find the requested action "menu".' in C:\www\xampp\htdocs\yii\framework1.1.7\web\CController.php:477
Stack trace:
#0 C:\www\xampp\htdocs\yii\framework1.1.7\web\CController.php(262): CController->missingAction('menu')
#1 C:\www\xampp\htdocs\yii\framework1.1.7\web\CWebApplication.php(328): CController->run('menu')
#2 C:\www\xampp\htdocs\yii\framework1.1.7\web\CWebApplication.php(121): CWebApplication->runController('site/menu')
#3 C:\www\xampp\htdocs\yii\framework1.1.7\base\CApplication.php(155): CWebApplication->processRequest()
#4 C:\www\xampp\htdocs\yii_mena\index.php(13): CApplication->run()
#5 {main} REQUEST_URI=/yii_mena/index.php?r=site/menu
2012/03/10 22:07:21 [error] [exception.CHttpException.404] exception 'CHttpException' with message 'The system is unable to find the requested action "footer".' in C:\www\xampp\htdocs\yii\framework1.1.7\web\CController.php:477
Stack trace:
#0 C:\www\xampp\htdocs\yii\framework1.1.7\web\CController.php(262): CController->missingAction('footer')
#1 C:\www\xampp\htdocs\yii\framework1.1.7\web\CWebApplication.php(328): CController->run('footer')
#2 C:\www\xampp\htdocs\yii\framework1.1.7\web\CWebApplication.php(121): CWebApplication->runController('site/footer')
#3 C:\www\xampp\htdocs\yii\framework1.1.7\base\CApplication.php(155): CWebApplication->processRequest()
#4 C:\www\xampp\htdocs\yii_mena\index.php(13): CApplication->run()
#5 {main} REQUEST_URI=/yii_mena/index.php?r=site/footer
2012/03/10 22:07:55 [error] [exception.CHttpException.404] exception 'CHttpException' with message 'The system is unable to find the requested action "footer".' in C:\www\xampp\htdocs\yii\framework1.1.7\web\CController.php:477
Stack trace:
#0 C:\www\xampp\htdocs\yii\framework1.1.7\web\CController.php(262): CController->missingAction('footer')
#1 C:\www\xampp\htdocs\yii\framework1.1.7\web\CWebApplication.php(328): CController->run('footer')
#2 C:\www\xampp\htdocs\yii\framework1.1.7\web\CWebApplication.php(121): CWebApplication->runController('site/footer')
#3 C:\www\xampp\htdocs\yii\framework1.1.7\base\CApplication.php(155): CWebApplication->processRequest()
#4 C:\www\xampp\htdocs\yii_mena\index.php(13): CApplication->run()
#5 {main} REQUEST_URI=/yii_mena/index.php?r=site/footer
2012/03/10 22:07:55 [error] [exception.CHttpException.404] exception 'CHttpException' with message 'The system is unable to find the requested action "menu".' in C:\www\xampp\htdocs\yii\framework1.1.7\web\CController.php:477
Stack trace:
#0 C:\www\xampp\htdocs\yii\framework1.1.7\web\CController.php(262): CController->missingAction('menu')
#1 C:\www\xampp\htdocs\yii\framework1.1.7\web\CWebApplication.php(328): CController->run('menu')
#2 C:\www\xampp\htdocs\yii\framework1.1.7\web\CWebApplication.php(121): CWebApplication->runController('site/menu')
#3 C:\www\xampp\htdocs\yii\framework1.1.7\base\CApplication.php(155): CWebApplication->processRequest()
#4 C:\www\xampp\htdocs\yii_mena\index.php(13): CApplication->run()
#5 {main} REQUEST_URI=/yii_mena/index.php?r=site/menu
2012/03/10 22:08:12 [error] [exception.CHttpException.404] exception 'CHttpException' with message 'The system is unable to find the requested action "footer".' in C:\www\xampp\htdocs\yii\framework1.1.7\web\CController.php:477
Stack trace:
#0 C:\www\xampp\htdocs\yii\framework1.1.7\web\CController.php(262): CController->missingAction('footer')
#1 C:\www\xampp\htdocs\yii\framework1.1.7\web\CWebApplication.php(328): CController->run('footer')
#2 C:\www\xampp\htdocs\yii\framework1.1.7\web\CWebApplication.php(121): CWebApplication->runController('site/footer')
#3 C:\www\xampp\htdocs\yii\framework1.1.7\base\CApplication.php(155): CWebApplication->processRequest()
#4 C:\www\xampp\htdocs\yii_mena\index.php(13): CApplication->run()
#5 {main} REQUEST_URI=/yii_mena/index.php?r=site/footer
2012/03/10 22:08:11 [error] [exception.CHttpException.404] exception 'CHttpException' with message 'The system is unable to find the requested action "menu".' in C:\www\xampp\htdocs\yii\framework1.1.7\web\CController.php:477
Stack trace:
#0 C:\www\xampp\htdocs\yii\framework1.1.7\web\CController.php(262): CController->missingAction('menu')
#1 C:\www\xampp\htdocs\yii\framework1.1.7\web\CWebApplication.php(328): CController->run('menu')
#2 C:\www\xampp\htdocs\yii\framework1.1.7\web\CWebApplication.php(121): CWebApplication->runController('site/menu')
#3 C:\www\xampp\htdocs\yii\framework1.1.7\base\CApplication.php(155): CWebApplication->processRequest()
#4 C:\www\xampp\htdocs\yii_mena\index.php(13): CApplication->run()
#5 {main} REQUEST_URI=/yii_mena/index.php?r=site/menu
2012/03/10 22:11:41 [error] [exception.CHttpException.404] exception 'CHttpException' with message 'The system is unable to find the requested action "menu".' in C:\www\xampp\htdocs\yii\framework1.1.7\web\CController.php:477
Stack trace:
#0 C:\www\xampp\htdocs\yii\framework1.1.7\web\CController.php(262): CController->missingAction('menu')
#1 C:\www\xampp\htdocs\yii\framework1.1.7\web\CWebApplication.php(328): CController->run('menu')
#2 C:\www\xampp\htdocs\yii\framework1.1.7\web\CWebApplication.php(121): CWebApplication->runController('site/menu')
#3 C:\www\xampp\htdocs\yii\framework1.1.7\base\CApplication.php(155): CWebApplication->processRequest()
#4 C:\www\xampp\htdocs\yii_mena\index.php(13): CApplication->run()
#5 {main} REQUEST_URI=/yii_mena/index.php?r=site/menu
2012/03/10 22:11:41 [error] [exception.CHttpException.404] exception 'CHttpException' with message 'The system is unable to find the requested action "footer".' in C:\www\xampp\htdocs\yii\framework1.1.7\web\CController.php:477
Stack trace:
#0 C:\www\xampp\htdocs\yii\framework1.1.7\web\CController.php(262): CController->missingAction('footer')
#1 C:\www\xampp\htdocs\yii\framework1.1.7\web\CWebApplication.php(328): CController->run('footer')
#2 C:\www\xampp\htdocs\yii\framework1.1.7\web\CWebApplication.php(121): CWebApplication->runController('site/footer')
#3 C:\www\xampp\htdocs\yii\framework1.1.7\base\CApplication.php(155): CWebApplication->processRequest()
#4 C:\www\xampp\htdocs\yii_mena\index.php(13): CApplication->run()
#5 {main} REQUEST_URI=/yii_mena/index.php?r=site/footer
2012/03/10 22:11:52 [error] [exception.CHttpException.404] exception 'CHttpException' with message 'The system is unable to find the requested action "footer".' in C:\www\xampp\htdocs\yii\framework1.1.7\web\CController.php:477
Stack trace:
#0 C:\www\xampp\htdocs\yii\framework1.1.7\web\CController.php(262): CController->missingAction('footer')
#1 C:\www\xampp\htdocs\yii\framework1.1.7\web\CWebApplication.php(328): CController->run('footer')
#2 C:\www\xampp\htdocs\yii\framework1.1.7\web\CWebApplication.php(121): CWebApplication->runController('site/footer')
#3 C:\www\xampp\htdocs\yii\framework1.1.7\base\CApplication.php(155): CWebApplication->processRequest()
#4 C:\www\xampp\htdocs\yii_mena\index.php(13): CApplication->run()
#5 {main} REQUEST_URI=/yii_mena/index.php?r=site/footer
2012/03/10 22:11:52 [error] [exception.CHttpException.404] exception 'CHttpException' with message 'The system is unable to find the requested action "menu".' in C:\www\xampp\htdocs\yii\framework1.1.7\web\CController.php:477
Stack trace:
#0 C:\www\xampp\htdocs\yii\framework1.1.7\web\CController.php(262): CController->missingAction('menu')
#1 C:\www\xampp\htdocs\yii\framework1.1.7\web\CWebApplication.php(328): CController->run('menu')
#2 C:\www\xampp\htdocs\yii\framework1.1.7\web\CWebApplication.php(121): CWebApplication->runController('site/menu')
#3 C:\www\xampp\htdocs\yii\framework1.1.7\base\CApplication.php(155): CWebApplication->processRequest()
#4 C:\www\xampp\htdocs\yii_mena\index.php(13): CApplication->run()
#5 {main} REQUEST_URI=/yii_mena/index.php?r=site/menu
2012/03/10 22:12:14 [error] [exception.CHttpException.404] exception 'CHttpException' with message 'The system is unable to find the requested action "menu".' in C:\www\xampp\htdocs\yii\framework1.1.7\web\CController.php:477
Stack trace:
#0 C:\www\xampp\htdocs\yii\framework1.1.7\web\CController.php(262): CController->missingAction('menu')
#1 C:\www\xampp\htdocs\yii\framework1.1.7\web\CWebApplication.php(328): CController->run('menu')
#2 C:\www\xampp\htdocs\yii\framework1.1.7\web\CWebApplication.php(121): CWebApplication->runController('site/menu')
#3 C:\www\xampp\htdocs\yii\framework1.1.7\base\CApplication.php(155): CWebApplication->processRequest()
#4 C:\www\xampp\htdocs\yii_mena\index.php(13): CApplication->run()
#5 {main} REQUEST_URI=/yii_mena/index.php?r=site/menu
2012/03/10 22:12:14 [error] [exception.CHttpException.404] exception 'CHttpException' with message 'The system is unable to find the requested action "footer".' in C:\www\xampp\htdocs\yii\framework1.1.7\web\CController.php:477
Stack trace:
#0 C:\www\xampp\htdocs\yii\framework1.1.7\web\CController.php(262): CController->missingAction('footer')
#1 C:\www\xampp\htdocs\yii\framework1.1.7\web\CWebApplication.php(328): CController->run('footer')
#2 C:\www\xampp\htdocs\yii\framework1.1.7\web\CWebApplication.php(121): CWebApplication->runController('site/footer')
#3 C:\www\xampp\htdocs\yii\framework1.1.7\base\CApplication.php(155): CWebApplication->processRequest()
#4 C:\www\xampp\htdocs\yii_mena\index.php(13): CApplication->run()
#5 {main} REQUEST_URI=/yii_mena/index.php?r=site/footer
2012/03/10 22:13:38 [error] [exception.CHttpException.404] exception 'CHttpException' with message 'The system is unable to find the requested action "footer".' in C:\www\xampp\htdocs\yii\framework1.1.7\web\CController.php:477
Stack trace:
#0 C:\www\xampp\htdocs\yii\framework1.1.7\web\CController.php(262): CController->missingAction('footer')
#1 C:\www\xampp\htdocs\yii\framework1.1.7\web\CWebApplication.php(328): CController->run('footer')
#2 C:\www\xampp\htdocs\yii\framework1.1.7\web\CWebApplication.php(121): CWebApplication->runController('site/footer')
#3 C:\www\xampp\htdocs\yii\framework1.1.7\base\CApplication.php(155): CWebApplication->processRequest()
#4 C:\www\xampp\htdocs\yii_mena\index.php(13): CApplication->run()
#5 {main} REQUEST_URI=/yii_mena/index.php?r=site/footer
2012/03/10 22:13:38 [error] [exception.CHttpException.404] exception 'CHttpException' with message 'The system is unable to find the requested action "menu".' in C:\www\xampp\htdocs\yii\framework1.1.7\web\CController.php:477
Stack trace:
#0 C:\www\xampp\htdocs\yii\framework1.1.7\web\CController.php(262): CController->missingAction('menu')
#1 C:\www\xampp\htdocs\yii\framework1.1.7\web\CWebApplication.php(328): CController->run('menu')
#2 C:\www\xampp\htdocs\yii\framework1.1.7\web\CWebApplication.php(121): CWebApplication->runController('site/menu')
#3 C:\www\xampp\htdocs\yii\framework1.1.7\base\CApplication.php(155): CWebApplication->processRequest()
#4 C:\www\xampp\htdocs\yii_mena\index.php(13): CApplication->run()
#5 {main} REQUEST_URI=/yii_mena/index.php?r=site/menu
2012/03/10 22:16:34 [error] [exception.CHttpException.404] exception 'CHttpException' with message 'The system is unable to find the requested action "menu".' in C:\www\xampp\htdocs\yii\framework1.1.7\web\CController.php:477
Stack trace:
#0 C:\www\xampp\htdocs\yii\framework1.1.7\web\CController.php(262): CController->missingAction('menu')
#1 C:\www\xampp\htdocs\yii\framework1.1.7\web\CWebApplication.php(328): CController->run('menu')
#2 C:\www\xampp\htdocs\yii\framework1.1.7\web\CWebApplication.php(121): CWebApplication->runController('site/menu')
#3 C:\www\xampp\htdocs\yii\framework1.1.7\base\CApplication.php(155): CWebApplication->processRequest()
#4 C:\www\xampp\htdocs\yii_mena\index.php(13): CApplication->run()
#5 {main} REQUEST_URI=/yii_mena/index.php?r=site/menu
2012/03/10 22:16:34 [error] [exception.CHttpException.404] exception 'CHttpException' with message 'The system is unable to find the requested action "footer".' in C:\www\xampp\htdocs\yii\framework1.1.7\web\CController.php:477
Stack trace:
#0 C:\www\xampp\htdocs\yii\framework1.1.7\web\CController.php(262): CController->missingAction('footer')
#1 C:\www\xampp\htdocs\yii\framework1.1.7\web\CWebApplication.php(328): CController->run('footer')
#2 C:\www\xampp\htdocs\yii\framework1.1.7\web\CWebApplication.php(121): CWebApplication->runController('site/footer')
#3 C:\www\xampp\htdocs\yii\framework1.1.7\base\CApplication.php(155): CWebApplication->processRequest()
#4 C:\www\xampp\htdocs\yii_mena\index.php(13): CApplication->run()
#5 {main} REQUEST_URI=/yii_mena/index.php?r=site/footer
2012/03/10 22:17:32 [error] [exception.CHttpException.404] exception 'CHttpException' with message 'The system is unable to find the requested action "footer".' in C:\www\xampp\htdocs\yii\framework1.1.7\web\CController.php:477
Stack trace:
#0 C:\www\xampp\htdocs\yii\framework1.1.7\web\CController.php(262): CController->missingAction('footer')
#1 C:\www\xampp\htdocs\yii\framework1.1.7\web\CWebApplication.php(328): CController->run('footer')
#2 C:\www\xampp\htdocs\yii\framework1.1.7\web\CWebApplication.php(121): CWebApplication->runController('site/footer')
#3 C:\www\xampp\htdocs\yii\framework1.1.7\base\CApplication.php(155): CWebApplication->processRequest()
#4 C:\www\xampp\htdocs\yii_mena\index.php(13): CApplication->run()
#5 {main} REQUEST_URI=/yii_mena/index.php?r=site/footer
2012/03/10 22:17:32 [error] [exception.CHttpException.404] exception 'CHttpException' with message 'The system is unable to find the requested action "menu".' in C:\www\xampp\htdocs\yii\framework1.1.7\web\CController.php:477
Stack trace:
#0 C:\www\xampp\htdocs\yii\framework1.1.7\web\CController.php(262): CController->missingAction('menu')
#1 C:\www\xampp\htdocs\yii\framework1.1.7\web\CWebApplication.php(328): CController->run('menu')
#2 C:\www\xampp\htdocs\yii\framework1.1.7\web\CWebApplication.php(121): CWebApplication->runController('site/menu')
#3 C:\www\xampp\htdocs\yii\framework1.1.7\base\CApplication.php(155): CWebApplication->processRequest()
#4 C:\www\xampp\htdocs\yii_mena\index.php(13): CApplication->run()
#5 {main} REQUEST_URI=/yii_mena/index.php?r=site/menu
2012/03/10 22:18:02 [error] [exception.CHttpException.404] exception 'CHttpException' with message 'The system is unable to find the requested action "menu".' in C:\www\xampp\htdocs\yii\framework1.1.7\web\CController.php:477
Stack trace:
#0 C:\www\xampp\htdocs\yii\framework1.1.7\web\CController.php(262): CController->missingAction('menu')
#1 C:\www\xampp\htdocs\yii\framework1.1.7\web\CWebApplication.php(328): CController->run('menu')
#2 C:\www\xampp\htdocs\yii\framework1.1.7\web\CWebApplication.php(121): CWebApplication->runController('site/menu')
#3 C:\www\xampp\htdocs\yii\framework1.1.7\base\CApplication.php(155): CWebApplication->processRequest()
#4 C:\www\xampp\htdocs\yii_mena\index.php(13): CApplication->run()
#5 {main} REQUEST_URI=/yii_mena/index.php?r=site/menu
2012/03/10 22:18:02 [error] [exception.CHttpException.404] exception 'CHttpException' with message 'The system is unable to find the requested action "footer".' in C:\www\xampp\htdocs\yii\framework1.1.7\web\CController.php:477
Stack trace:
#0 C:\www\xampp\htdocs\yii\framework1.1.7\web\CController.php(262): CController->missingAction('footer')
#1 C:\www\xampp\htdocs\yii\framework1.1.7\web\CWebApplication.php(328): CController->run('footer')
#2 C:\www\xampp\htdocs\yii\framework1.1.7\web\CWebApplication.php(121): CWebApplication->runController('site/footer')
#3 C:\www\xampp\htdocs\yii\framework1.1.7\base\CApplication.php(155): CWebApplication->processRequest()
#4 C:\www\xampp\htdocs\yii_mena\index.php(13): CApplication->run()
#5 {main} REQUEST_URI=/yii_mena/index.php?r=site/footer
2012/03/10 22:18:22 [error] [exception.CHttpException.404] exception 'CHttpException' with message 'The system is unable to find the requested action "menu".' in C:\www\xampp\htdocs\yii\framework1.1.7\web\CController.php:477
Stack trace:
#0 C:\www\xampp\htdocs\yii\framework1.1.7\web\CController.php(262): CController->missingAction('menu')
#1 C:\www\xampp\htdocs\yii\framework1.1.7\web\CWebApplication.php(328): CController->run('menu')
#2 C:\www\xampp\htdocs\yii\framework1.1.7\web\CWebApplication.php(121): CWebApplication->runController('site/menu')
#3 C:\www\xampp\htdocs\yii\framework1.1.7\base\CApplication.php(155): CWebApplication->processRequest()
#4 C:\www\xampp\htdocs\yii_mena\index.php(13): CApplication->run()
#5 {main} REQUEST_URI=/yii_mena/index.php?r=site/menu
2012/03/10 22:18:22 [error] [exception.CHttpException.404] exception 'CHttpException' with message 'The system is unable to find the requested action "footer".' in C:\www\xampp\htdocs\yii\framework1.1.7\web\CController.php:477
Stack trace:
#0 C:\www\xampp\htdocs\yii\framework1.1.7\web\CController.php(262): CController->missingAction('footer')
#1 C:\www\xampp\htdocs\yii\framework1.1.7\web\CWebApplication.php(328): CController->run('footer')
#2 C:\www\xampp\htdocs\yii\framework1.1.7\web\CWebApplication.php(121): CWebApplication->runController('site/footer')
#3 C:\www\xampp\htdocs\yii\framework1.1.7\base\CApplication.php(155): CWebApplication->processRequest()
#4 C:\www\xampp\htdocs\yii_mena\index.php(13): CApplication->run()
#5 {main} REQUEST_URI=/yii_mena/index.php?r=site/footer
2012/03/11 00:59:39 [error] [exception.CHttpException.404] exception 'CHttpException' with message 'The system is unable to find the requested action "menu".' in C:\www\xampp\htdocs\yii\framework1.1.7\web\CController.php:477
Stack trace:
#0 C:\www\xampp\htdocs\yii\framework1.1.7\web\CController.php(262): CController->missingAction('menu')
#1 C:\www\xampp\htdocs\yii\framework1.1.7\web\CWebApplication.php(328): CController->run('menu')
#2 C:\www\xampp\htdocs\yii\framework1.1.7\web\CWebApplication.php(121): CWebApplication->runController('site/menu')
#3 C:\www\xampp\htdocs\yii\framework1.1.7\base\CApplication.php(155): CWebApplication->processRequest()
#4 C:\www\xampp\htdocs\yii_mena\index.php(13): CApplication->run()
#5 {main} REQUEST_URI=/yii_mena/index.php?r=site/menu
2012/03/11 00:59:39 [error] [exception.CHttpException.404] exception 'CHttpException' with message 'The system is unable to find the requested action "footer".' in C:\www\xampp\htdocs\yii\framework1.1.7\web\CController.php:477
Stack trace:
#0 C:\www\xampp\htdocs\yii\framework1.1.7\web\CController.php(262): CController->missingAction('footer')
#1 C:\www\xampp\htdocs\yii\framework1.1.7\web\CWebApplication.php(328): CController->run('footer')
#2 C:\www\xampp\htdocs\yii\framework1.1.7\web\CWebApplication.php(121): CWebApplication->runController('site/footer')
#3 C:\www\xampp\htdocs\yii\framework1.1.7\base\CApplication.php(155): CWebApplication->processRequest()
#4 C:\www\xampp\htdocs\yii_mena\index.php(13): CApplication->run()
#5 {main} REQUEST_URI=/yii_mena/index.php?r=site/footer
2012/04/22 16:52:54 [error] [exception.CHttpException.404] exception 'CHttpException' with message 'The system is unable to find the requested action "przekierowanie".' in C:\www\xampp\htdocs\yii\framework1.1.7\web\CController.php:477
Stack trace:
#0 C:\www\xampp\htdocs\yii\framework1.1.7\web\CController.php(262): CController->missingAction('przekierowanie')
#1 C:\www\xampp\htdocs\yii\framework1.1.7\web\CWebApplication.php(328): CController->run('przekierowanie')
#2 C:\www\xampp\htdocs\yii\framework1.1.7\web\CWebApplication.php(121): CWebApplication->runController('site/przekierow...')
#3 C:\www\xampp\htdocs\yii\framework1.1.7\base\CApplication.php(155): CWebApplication->processRequest()
#4 C:\www\xampp\htdocs\yii_mena\index.php(13): CApplication->run()
#5 {main} REQUEST_URI=/yii_mena/index.php?r=site/przekierowanie/Przekieruj
2012/04/22 16:54:06 [error] [exception.CHttpException.404] exception 'CHttpException' with message 'The system is unable to find the requested action "przekierowanie".' in C:\www\xampp\htdocs\yii\framework1.1.7\web\CController.php:477
Stack trace:
#0 C:\www\xampp\htdocs\yii\framework1.1.7\web\CController.php(262): CController->missingAction('przekierowanie')
#1 C:\www\xampp\htdocs\yii\framework1.1.7\web\CWebApplication.php(328): CController->run('przekierowanie')
#2 C:\www\xampp\htdocs\yii\framework1.1.7\web\CWebApplication.php(121): CWebApplication->runController('site/przekierow...')
#3 C:\www\xampp\htdocs\yii\framework1.1.7\base\CApplication.php(155): CWebApplication->processRequest()
#4 C:\www\xampp\htdocs\yii_mena\index.php(13): CApplication->run()
#5 {main} REQUEST_URI=/yii_mena/index.php?r=site/przekierowanie&view=Przekieruj
2012/04/22 16:54:31 [error] [exception.CHttpException.404] exception 'CHttpException' with message 'The system is unable to find the requested action "przekierowanie".' in C:\www\xampp\htdocs\yii\framework1.1.7\web\CController.php:477
Stack trace:
#0 C:\www\xampp\htdocs\yii\framework1.1.7\web\CController.php(262): CController->missingAction('przekierowanie')
#1 C:\www\xampp\htdocs\yii\framework1.1.7\web\CWebApplication.php(328): CController->run('przekierowanie')
#2 C:\www\xampp\htdocs\yii\framework1.1.7\web\CWebApplication.php(121): CWebApplication->runController('site/przekierow...')
#3 C:\www\xampp\htdocs\yii\framework1.1.7\base\CApplication.php(155): CWebApplication->processRequest()
#4 C:\www\xampp\htdocs\yii_mena\index.php(13): CApplication->run()
#5 {main} REQUEST_URI=/yii_mena/index.php?r=site/przekierowanie
2012/04/22 16:54:45 [error] [exception.CHttpException.404] exception 'CHttpException' with message 'The system is unable to find the requested action "przekierowanie".' in C:\www\xampp\htdocs\yii\framework1.1.7\web\CController.php:477
Stack trace:
#0 C:\www\xampp\htdocs\yii\framework1.1.7\web\CController.php(262): CController->missingAction('przekierowanie')
#1 C:\www\xampp\htdocs\yii\framework1.1.7\web\CWebApplication.php(328): CController->run('przekierowanie')
#2 C:\www\xampp\htdocs\yii\framework1.1.7\web\CWebApplication.php(121): CWebApplication->runController('site/przekierow...')
#3 C:\www\xampp\htdocs\yii\framework1.1.7\base\CApplication.php(155): CWebApplication->processRequest()
#4 C:\www\xampp\htdocs\yii_mena\index.php(13): CApplication->run()
#5 {main} REQUEST_URI=/yii_mena/index.php?r=site/przekierowanie&view=Przekieruj
2012/04/22 16:54:53 [error] [exception.CHttpException.404] exception 'CHttpException' with message 'The system is unable to find the requested action "przekierowanie".' in C:\www\xampp\htdocs\yii\framework1.1.7\web\CController.php:477
Stack trace:
#0 C:\www\xampp\htdocs\yii\framework1.1.7\web\CController.php(262): CController->missingAction('przekierowanie')
#1 C:\www\xampp\htdocs\yii\framework1.1.7\web\CWebApplication.php(328): CController->run('przekierowanie')
#2 C:\www\xampp\htdocs\yii\framework1.1.7\web\CWebApplication.php(121): CWebApplication->runController('site/przekierow...')
#3 C:\www\xampp\htdocs\yii\framework1.1.7\base\CApplication.php(155): CWebApplication->processRequest()
#4 C:\www\xampp\htdocs\yii_mena\index.php(13): CApplication->run()
#5 {main} REQUEST_URI=/yii_mena/index.php?r=site/przekierowanie/Przekieruj
2012/04/22 16:59:07 [error] [exception.CException] exception 'CException' with message 'SiteController cannot find the requested view "przekierowanie/Przekieruj".' in C:\www\xampp\htdocs\yii\framework1.1.7\web\CController.php:875
Stack trace:
#0 C:\www\xampp\htdocs\yii\framework1.1.7\web\CController.php(779): CController->renderPartial('przekierowanie/...', NULL, true)
#1 C:\www\xampp\htdocs\yii_mena\protected\controllers\SiteController.php(47): CController->render('przekierowanie/...')
#2 C:\www\xampp\htdocs\yii\framework1.1.7\web\actions\CInlineAction.php(50): SiteController->actionPrzekieruj()
#3 C:\www\xampp\htdocs\yii\framework1.1.7\web\CController.php(300): CInlineAction->runWithParams(Array)
#4 C:\www\xampp\htdocs\yii\framework1.1.7\web\CController.php(278): CController->runAction(Object(CInlineAction))
#5 C:\www\xampp\htdocs\yii\framework1.1.7\web\CController.php(257): CController->runActionWithFilters(Object(CInlineAction), Array)
#6 C:\www\xampp\htdocs\yii\framework1.1.7\web\CWebApplication.php(328): CController->run('przekieruj')
#7 C:\www\xampp\htdocs\yii\framework1.1.7\web\CWebApplication.php(121): CWebApplication->runController('site/przekieruj')
#8 C:\www\xampp\htdocs\yii\framework1.1.7\base\CApplication.php(155): CWebApplication->processRequest()
#9 C:\www\xampp\htdocs\yii_mena\index.php(13): CApplication->run()
#10 {main} REQUEST_URI=/yii_mena/index.php?r=site/przekieruj
2012/04/22 18:18:17 [error] [exception.CHttpException.404] exception 'CHttpException' with message 'The system is unable to find the requested action "contact?ContactForm[name]=ImieMe".' in C:\www\xampp\htdocs\yii\framework1.1.7\web\CController.php:477
Stack trace:
#0 C:\www\xampp\htdocs\yii\framework1.1.7\web\CController.php(262): CController->missingAction('contact?Contact...')
#1 C:\www\xampp\htdocs\yii\framework1.1.7\web\CWebApplication.php(328): CController->run('contact?Contact...')
#2 C:\www\xampp\htdocs\yii\framework1.1.7\web\CWebApplication.php(121): CWebApplication->runController('site/contact?Co...')
#3 C:\www\xampp\htdocs\yii\framework1.1.7\base\CApplication.php(155): CWebApplication->processRequest()
#4 C:\www\xampp\htdocs\yii_mena\index.php(13): CApplication->run()
#5 {main} REQUEST_URI=/yii_mena/index.php?r=site/contact?ContactForm[name]=ImieMe
2012/04/22 18:18:41 [error] [exception.CHttpException.404] exception 'CHttpException' with message 'The system is unable to find the requested action "contact?ContactForm_name=ImieMe".' in C:\www\xampp\htdocs\yii\framework1.1.7\web\CController.php:477
Stack trace:
#0 C:\www\xampp\htdocs\yii\framework1.1.7\web\CController.php(262): CController->missingAction('contact?Contact...')
#1 C:\www\xampp\htdocs\yii\framework1.1.7\web\CWebApplication.php(328): CController->run('contact?Contact...')
#2 C:\www\xampp\htdocs\yii\framework1.1.7\web\CWebApplication.php(121): CWebApplication->runController('site/contact?Co...')
#3 C:\www\xampp\htdocs\yii\framework1.1.7\base\CApplication.php(155): CWebApplication->processRequest()
#4 C:\www\xampp\htdocs\yii_mena\index.php(13): CApplication->run()
#5 {main} REQUEST_URI=/yii_mena/index.php?r=site/contact?ContactForm_name=ImieMe
2012/04/23 20:34:08 [error] [php] explode() expects at least 2 parameters, 1 given (C:\www\xampp\htdocs\yii_mena\protected\views\layouts\main.php:48)
Stack trace:
#0 C:\www\xampp\htdocs\yii\framework1.1.7\web\CBaseController.php(88): SiteController->renderInternal()
#1 C:\www\xampp\htdocs\yii\framework1.1.7\web\widgets\CContentDecorator.php(78): SiteController->renderFile()
#2 C:\www\xampp\htdocs\yii\framework1.1.7\web\widgets\CContentDecorator.php(56): CContentDecorator->decorate()
#3 C:\www\xampp\htdocs\yii\framework1.1.7\web\widgets\COutputProcessor.php(45): CContentDecorator->processOutput()
#4 C:\www\xampp\htdocs\yii\framework1.1.7\web\CBaseController.php(199): CContentDecorator->run()
#5 C:\www\xampp\htdocs\yii\framework1.1.7\web\CBaseController.php(294): SiteController->endWidget()
#6 C:\www\xampp\htdocs\yii_mena\protected\views\layouts\column1.php(7): SiteController->endContent()
#7 C:\www\xampp\htdocs\yii\framework1.1.7\web\CBaseController.php(119): require()
#8 C:\www\xampp\htdocs\yii\framework1.1.7\web\CBaseController.php(88): SiteController->renderInternal()
#9 C:\www\xampp\htdocs\yii\framework1.1.7\web\CController.php(781): SiteController->renderFile()
#10 C:\www\xampp\htdocs\yii_mena\protected\controllers\SiteController.php(33): SiteController->render()
#11 C:\www\xampp\htdocs\yii\framework1.1.7\web\actions\CInlineAction.php(50): SiteController->actionIndex()
#12 C:\www\xampp\htdocs\yii\framework1.1.7\web\CController.php(300): CInlineAction->runWithParams()
#13 C:\www\xampp\htdocs\yii\framework1.1.7\web\CController.php(278): SiteController->runAction()
#14 C:\www\xampp\htdocs\yii\framework1.1.7\web\CController.php(257): SiteController->runActionWithFilters()
#15 C:\www\xampp\htdocs\yii\framework1.1.7\web\CWebApplication.php(328): SiteController->run()
#16 C:\www\xampp\htdocs\yii\framework1.1.7\web\CWebApplication.php(121): CWebApplication->runController()
#17 C:\www\xampp\htdocs\yii\framework1.1.7\base\CApplication.php(155): CWebApplication->processRequest()
#18 C:\www\xampp\htdocs\yii_mena\index.php(13): CWebApplication->run()
REQUEST_URI=/yii_mena/index.php?r=site/index
in C:\www\xampp\htdocs\yii_mena\protected\views\layouts\main.php (48)
in C:\www\xampp\htdocs\yii_mena\protected\views\layouts\column1.php (7)
in C:\www\xampp\htdocs\yii_mena\protected\controllers\SiteController.php (33)
